0 info it worked if it ends with ok
1 verbose cli [ '/usr/local/bin/node', '/usr/local/bin/npm', 'run', 'test' ]
2 info using npm@3.8.3
3 info using node@v5.10.1
4 verbose run-script [ 'pretest', 'test', 'posttest' ]
5 info lifecycle smack-js-compiler@1.0.5~pretest: smack-js-compiler@1.0.5
6 silly lifecycle smack-js-compiler@1.0.5~pretest: no script for pretest, continuing
7 info lifecycle smack-js-compiler@1.0.5~test: smack-js-compiler@1.0.5
8 verbose lifecycle smack-js-compiler@1.0.5~test: unsafe-perm in lifecycle true
9 verbose lifecycle smack-js-compiler@1.0.5~test: PATH: /usr/local/lib/node_modules/npm/bin/node-gyp-bin:/home/benjamin/Desktop/projects/node/smack-js-compiler/node_modules/.bin:/usr/local/bin:/home/benjamin/bin:/usr/local/bin:/usr/bin:/bin:/usr/local/games:/usr/games
10 verbose lifecycle smack-js-compiler@1.0.5~test: CWD: /home/benjamin/Desktop/projects/node/smack-js-compiler
11 silly lifecycle smack-js-compiler@1.0.5~test: Args: [ '-c', 'node dev/tests/testRunner.js' ]
12 silly lifecycle smack-js-compiler@1.0.5~test: Returned: code: 1  signal: null
13 info lifecycle smack-js-compiler@1.0.5~test: Failed to exec test script
14 verbose stack Error: smack-js-compiler@1.0.5 test: `node dev/tests/testRunner.js`
14 verbose stack Exit status 1
14 verbose stack     at EventEmitter.<anonymous> (/usr/local/lib/node_modules/npm/lib/utils/lifecycle.js:239:16)
14 verbose stack     at emitTwo (events.js:100:13)
14 verbose stack     at EventEmitter.emit (events.js:185:7)
14 verbose stack     at ChildProcess.<anonymous> (/usr/local/lib/node_modules/npm/lib/utils/spawn.js:24:14)
14 verbose stack     at emitTwo (events.js:100:13)
14 verbose stack     at ChildProcess.emit (events.js:185:7)
14 verbose stack     at maybeClose (internal/child_process.js:850:16)
14 verbose stack     at Process.ChildProcess._handle.onexit (internal/child_process.js:215:5)
15 verbose pkgid smack-js-compiler@1.0.5
16 verbose cwd /home/benjamin/Desktop/projects/node/smack-js-compiler
17 error Linux 3.16.0-4-amd64
18 error argv "/usr/local/bin/node" "/usr/local/bin/npm" "run" "test"
19 error node v5.10.1
20 error npm  v3.8.3
21 error code ELIFECYCLE
22 error smack-js-compiler@1.0.5 test: `node dev/tests/testRunner.js`
22 error Exit status 1
23 error Failed at the smack-js-compiler@1.0.5 test script 'node dev/tests/testRunner.js'.
23 error Make sure you have the latest version of node.js and npm installed.
23 error If you do, this is most likely a problem with the smack-js-compiler package,
23 error not with npm itself.
23 error Tell the author that this fails on your system:
23 error     node dev/tests/testRunner.js
23 error You can get information on how to open an issue for this project with:
23 error     npm bugs smack-js-compiler
23 error Or if that isn't available, you can get their info via:
23 error     npm owner ls smack-js-compiler
23 error There is likely additional logging output above.
24 verbose exit [ 1, true ]
